<?xml version="1.0" encoding="UTF-8" ?>
<testsuite errors="0" failures="0" hostname="vandelay" name="ca.mcgill.ecse321.group10.TAMAS.model.TestProfile" skipped="0" tests="7" time="0.121" timestamp="2017-04-11T20:19:48">
  <properties>
    <property name="java.vendor" value="Oracle Corporation" />
    <property name="env.MOZ_PLUGIN_PATH" value="/usr/lib/mozilla/plugins" />
    <property name="persistence.dir" value="/home/harwiltz/.tamas/output" />
    <property name="swing.aatext" value="true" />
    <property name="sun.java.launcher" value="SUN_STANDARD" />
    <property name="sun.management.compiler" value="HotSpot 64-Bit Tiered Compilers" />
    <property name="os.name" value="Linux" />
    <property name="sun.boot.class.path" value="/usr/lib/jvm/java-8-openjdk/jre/lib/resources.jar:/usr/lib/jvm/java-8-openjdk/jre/lib/rt.jar:/usr/lib/jvm/java-8-openjdk/jre/lib/sunrsasign.jar:/usr/lib/jvm/java-8-openjdk/jre/lib/jsse.jar:/usr/lib/jvm/java-8-openjdk/jre/lib/jce.jar:/usr/lib/jvm/java-8-openjdk/jre/lib/charsets.jar:/usr/lib/jvm/java-8-openjdk/jre/lib/jfr.jar:/usr/lib/jvm/java-8-openjdk/jre/classes" />
    <property name="env.PWD" value="/home/harwiltz/Harley&apos;s Projects/ECSE321/Project/Group10/APP" />
    <property name="bin.desktop" value="Desktop/TAMAS/bin" />
    <property name="jar-dir" value="Desktop/TAMAS" />
    <property name="env.LANG" value="en_US.UTF-8" />
    <property name="java.vm.specification.vendor" value="Oracle Corporation" />
    <property name="chrome" value="/usr/bin/google-chrome-stable" />
    <property name="ant.home" value="/usr/share/apache-ant" />
    <property name="phpunit" value="Web/phpunit" />
    <property name="java.runtime.version" value="1.8.0_121-b13" />
    <property name="env.XDG_VTNR" value="1" />
    <property name="env.DISPLAY" value=":0" />
    <property name="user.name" value="harwiltz" />
    <property name="env.USER" value="harwiltz" />
    <property name="env.SHELL" value="/usr/bin/zsh" />
    <property name="env.NLSPATH" value="/usr/dt/lib/nls/msg/%L/%N.cat" />
    <property name="env.PATH" value="/usr/local/sbin:/usr/local/bin:/usr/bin:/opt/android-sdk/platform-tools:/opt/android-sdk/tools:/opt/android-sdk/tools/bin:/usr/lib/jvm/default/bin:/usr/bin/site_perl:/usr/bin/vendor_perl:/usr/bin/core_perl" />
    <property name="user.language" value="en" />
    <property name="sun.boot.library.path" value="/usr/lib/jvm/java-8-openjdk/jre/lib/amd64" />
    <property name="ant.project.default-target" value="build-desktop" />
    <property name="ant.project.name" value="TAMAS" />
    <property name="java.version" value="1.8.0_121" />
    <property name="user.timezone" value="" />
    <property name="env.DBUS_SESSION_BUS_ADDRESS" value="unix:path=/run/user/1000/bus" />
    <property name="sun.arch.data.model" value="64" />
    <property name="java.endorsed.dirs" value="/usr/lib/jvm/java-8-openjdk/jre/lib/endorsed" />
    <property name="sun.cpu.isalist" value="" />
    <property name="sun.jnu.encoding" value="UTF-8" />
    <property name="file.encoding.pkg" value="sun.io" />
    <property name="env.SHLVL" value="4" />
    <property name="ECLIPSE_HOME" value="/usr/lib/eclipse/" />
    <property name="file.separator" value="/" />
    <property name="java.specification.name" value="Java Platform API Specification" />
    <property name="java.class.version" value="52.0" />
    <property name="env.MPD_HOST" value="127.0.0.1" />
    <property name="phpunit.output.dir" value="Web/ca.mcgill.ecse321.group10.TAMAS/phpunit" />
    <property name="user.country" value="US" />
    <property name="java.home" value="/usr/lib/jvm/java-8-openjdk/jre" />
    <property name="env.ANDROID_HOME" value="/opt/android-sdk" />
    <property name="java.vm.info" value="mixed mode" />
    <property name="env.LOGNAME" value="harwiltz" />
    <property name="ant.file" value="/home/harwiltz/Harley&apos;s Projects/Intro to Software Engineering/Project/Group10/APP/build.xml" />
    <property name="os.version" value="4.10.8-1-ARCH" />
    <property name="ant.file.type.TAMAS" value="file" />
    <property name="path.separator" value=":" />
    <property name="java.vm.version" value="25.121-b13" />
    <property name="notonwindows" value="true" />
    <property name="ant.library.dir" value="/usr/share/apache-ant/lib" />
    <property name="ant.file.TAMAS" value="/home/harwiltz/Harley&apos;s Projects/Intro to Software Engineering/Project/Group10/APP/build.xml" />
    <property name="junit.output.dir" value="Desktop/TAMAS/junit" />
    <property name="java.awt.printerjob" value="sun.print.PSPrinterJob" />
    <property name="env.TERM" value="xterm-termite" />
    <property name="env.WINDOWPATH" value="1" />
    <property name="sun.io.unicode.encoding" value="UnicodeLittle" />
    <property name="awt.toolkit" value="sun.awt.X11.XToolkit" />
    <property name="user.home" value="/home/harwiltz" />
    <property name="target" value="1.7" />
    <property name="env.OLDPWD" value="/home/harwiltz/Harley&apos;s Projects/ECSE321/Project/Group10" />
    <property name="java.specification.vendor" value="Oracle Corporation" />
    <property name="env.VTE_VERSION" value="4601" />
    <property name="env.WINDOWID" value="33554435" />
    <property name="java.library.path" value="/usr/java/packages/lib/amd64:/usr/lib64:/lib64:/lib:/usr/lib" />
    <property name="java.vendor.url" value="http://java.oracle.com/" />
    <property name="java.vm.vendor" value="Oracle Corporation" />
    <property name="env.XDG_SEAT" value="seat0" />
    <property name="java.runtime.name" value="OpenJDK Runtime Environment" />
    <property name="ant.version" value="Apache Ant(TM) version 1.9.7 compiled on April 24 2016" />
    <property name="sun.java.command" value="org.apache.tools.ant.taskdefs.optional.junit.JUnitTestRunner ca.mcgill.ecse321.group10.TAMAS.model.TestProfile skipNonTests=false filtertrace=true haltOnError=false haltOnFailure=true formatter=org.apache.tools.ant.taskdefs.optional.junit.SummaryJUnitResultFormatter showoutput=false outputtoformatters=true logfailedtests=true threadid=0 logtestlistenerevents=false formatter=org.apache.tools.ant.taskdefs.optional.junit.XMLJUnitResultFormatter,/home/harwiltz/Harley&apos;s Projects/Intro to Software Engineering/Project/Group10/APP/Desktop/TAMAS/junit/TEST-ca.mcgill.ecse321.group10.TAMAS.model.TestProfile.xml crashfile=/home/harwiltz/Harley&apos;s Projects/Intro to Software Engineering/Project/Group10/APP/junitvmwatcher3001559336605275538.properties propsfile=/home/harwiltz/Harley&apos;s Projects/Intro to Software Engineering/Project/Group10/APP/junit3154559798823529636.properties" />
    <property name="java.class.path" value="/home/harwiltz/Harley&apos;s Projects/Intro to Software Engineering/Project/Group10/APP/Desktop/TAMAS/bin:/home/harwiltz/Harley&apos;s Projects/Intro to Software Engineering/Project/Group10/APP/Desktop/TAMAS/bin/ca/mcgill/ecse321/group10/TAMAS/model:/home/harwiltz/Harley&apos;s Projects/Intro to Software Engineering/Project/Group10/APP/Desktop/TAMAS/lib/jdatepicker-1.3.4.jar:/home/harwiltz/Harley&apos;s Projects/Intro to Software Engineering/Project/Group10/APP/Desktop/TAMAS/lib/xmlpull-1.1.3.1.jar:/home/harwiltz/Harley&apos;s Projects/Intro to Software Engineering/Project/Group10/APP/Desktop/TAMAS/lib/xpp3_min-1.1.4c.jar:/home/harwiltz/Harley&apos;s Projects/Intro to Software Engineering/Project/Group10/APP/Desktop/TAMAS/lib/xstream-1.4.7.jar:/home/harwiltz/Harley&apos;s Projects/Intro to Software Engineering/Project/Group10/APP/Desktop/TAMAS/lib/junit.jar:/home/harwiltz/Harley&apos;s Projects/Intro to Software Engineering/Project/Group10/APP/Desktop/TAMAS/lib/org.hamcrest.core_1.3.0.v201303031735.jar:/usr/share/java/junit-4.12.jar:/usr/share/java/apache-ant/ant-launcher.jar:/usr/share/apache-ant/lib/ant.jar:/usr/share/apache-ant/lib/ant-junit.jar:/usr/share/apache-ant/lib/ant-junit4.jar" />
    <property name="env.XDG_SESSION_ID" value="c1" />
    <property name="env.XFILESEARCHPATH" value="/usr/dt/app-defaults/%L/Dt" />
    <property name="java.vm.specification.name" value="Java Virtual Machine Specification" />
    <property name="ant.file.type" value="file" />
    <property name="java.vm.specification.version" value="1.8" />
    <property name="sun.cpu.endian" value="little" />
    <property name="sun.os.patch.level" value="unknown" />
    <property name="debuglevel" value="source,lines,vars" />
    <property name="env.HOME" value="/home/harwiltz" />
    <property name="env.ANT_HOME" value="/usr/share/apache-ant" />
    <property name="java.io.tmpdir" value="/tmp" />
    <property name="test.web" value="Web/ca.mcgill.ecse321.group10.TAMAS/Test" />
    <property name="java.vendor.url.bug" value="http://bugreport.sun.com/bugreport/" />
    <property name="os.arch" value="amd64" />
    <property name="java.awt.graphicsenv" value="sun.awt.X11GraphicsEnvironment" />
    <property name="env.XDG_RUNTIME_DIR" value="/run/user/1000" />
    <property name="java.ext.dirs" value="/usr/lib/jvm/java-8-openjdk/jre/lib/ext:/usr/java/packages/lib/ext" />
    <property name="env.FREETYPE_PROPERTIES" value="truetype:interpreter-version=40" />
    <property name="user.dir" value="/home/harwiltz/Harley&apos;s Projects/Intro to Software Engineering/Project/Group10/APP" />
    <property name="xampp.dir" value="/opt/lampp" />
    <property name="awt.useSystemAAFontSettings" value="on" />
    <property name="env.GTK_MODULES" value="canberra-gtk-module" />
    <property name="line.separator" value="&#xa;" />
    <property name="java.vm.name" value="OpenJDK 64-Bit Server VM" />
    <property name="env.COLORTERM" value="truecolor" />
    <property name="env.EDITOR" value="vim" />
    <property name="basedir" value="/home/harwiltz/Harley&apos;s Projects/Intro to Software Engineering/Project/Group10/APP" />
    <property name="ant.java.version" value="1.8" />
    <property name="ant.core.lib" value="/usr/share/apache-ant/lib/ant.jar" />
    <property name="env.LOCALCLASSPATH" value="/usr/share/apache-ant/lib/ant-launcher.jar:/usr/share/java/junit.jar" />
    <property name="source" value="1.7" />
    <property name="file.encoding" value="UTF-8" />
    <property name="env._JAVA_OPTIONS" value="-Dawt.useSystemAAFontSettings=on -Dswing.aatext=true" />
    <property name="env.MAIL" value="/var/spool/mail/harwiltz" />
    <property name="java.specification.version" value="1.8" />
    <property name="ant.project.invoked-targets" value="run-desktop" />
  </properties>
  <testcase classname="ca.mcgill.ecse321.group10.TAMAS.model.TestProfile" name="testModifyProfiles" time="0.068" />
  <testcase classname="ca.mcgill.ecse321.group10.TAMAS.model.TestProfile" name="testAddCourseToInstructor" time="0.01" />
  <testcase classname="ca.mcgill.ecse321.group10.TAMAS.model.TestProfile" name="testAcceptJob" time="0.005" />
  <testcase classname="ca.mcgill.ecse321.group10.TAMAS.model.TestProfile" name="testValidateProfile" time="0.002" />
  <testcase classname="ca.mcgill.ecse321.group10.TAMAS.model.TestProfile" name="testAddAndRemoveJobOffer" time="0.008" />
  <testcase classname="ca.mcgill.ecse321.group10.TAMAS.model.TestProfile" name="testProfileWithAdmin" time="0.001" />
  <testcase classname="ca.mcgill.ecse321.group10.TAMAS.model.TestProfile" name="testUsernameFree" time="0.002" />
  <system-out><![CDATA[]]></system-out>
  <system-err><![CDATA[]]></system-err>
</testsuite>
